<?xml version="1.0" encoding="UTF-8"?>
<!-- Generated by org.testng.reporters.JUnitReportReporter -->
<testsuite hostname="LAPTOP-AKFMJIH2" failures="0" tests="1" name="test.TestClass" time="1.017" errors="0" timestamp="2022-08-20T16:04:50 IST" skipped="0">
  <testcase classname="test.TestClass" name="test" time="1.017"/>
  <system-out/>
</testsuite> <!-- test.TestClass -->
